2021-03-26 10:58:17 INFO  Main:19 - Introduce tu nombre
2021-03-26 10:59:31 INFO  Main:19 - Introduce tu nombre
2021-03-26 10:59:36 INFO  Main:49 - Bienvenid@s! si estáis aquí es que estáis majaras!
A continuación tenéis 25 minutos para descubrir al personaje secreto y
salir de este aula infernal...
Tendréis que resolver todas las pistas, encontrar los códigos secretos e
introducirlos en la pantalla para conseguir la siguiente pista y llegar a la
pantalla final...
¿¿¿PREPARAD@S????
2021-03-26 11:30:45 INFO  Main:19 - Introduce tu nombre
2021-03-26 11:30:50 INFO  EscapeRoom:37 - Bienvenido Miguel
2021-03-26 11:30:50 INFO  EscapeRoom:38 - Bienvenid@s! si estáis aquí es que estáis majaras!
A continuación tenéis 25 minutos para descubrir al personaje secreto y
salir de este aula infernal...
Tendréis que resolver todas las pistas, encontrar los códigos secretos e
introducirlos en la pantalla para conseguir la siguiente pista y llegar a la
pantalla final...
¿¿¿PREPARAD@S????
2021-03-26 11:54:20 INFO  Main:19 - Introduce tu nombre
2021-03-26 11:54:25 INFO  EscapeRoom:37 - Bienvenido Miguel
2021-03-26 11:54:25 INFO  EscapeRoom:38 - Bienvenid@s! si estáis aquí es que estáis majaras!
A continuación tenéis 25 minutos para descubrir al personaje secreto y
salir de este aula infernal...
Tendréis que resolver todas las pistas, encontrar los códigos secretos e
introducirlos en la pantalla para conseguir la siguiente pista y llegar a la
pantalla final...
¿¿¿PREPARAD@S????
2021-03-26 11:55:15 INFO  Main:19 - Introduce tu nombre
2021-03-26 11:55:18 INFO  EscapeRoom:37 - Bienvenido miguel
2021-03-26 11:55:18 INFO  EscapeRoom:38 - Bienvenid@s! si estáis aquí es que estáis majaras!
A continuación tenéis 25 minutos para descubrir al personaje secreto y
salir de este aula infernal...
Tendréis que resolver todas las pistas, encontrar los códigos secretos e
introducirlos en la pantalla para conseguir la siguiente pista y llegar a la
pantalla final...
¿¿¿PREPARAD@S????
2021-03-26 11:55:18 INFO  Main:55 - ¿Cuándo nació nuestra persona escondida?
2021-03-26 11:55:25 INFO  Main:55 - ¿Cuándo nació nuestra persona escondida?
2021-03-26 11:55:31 INFO  Main:55 - ¿Cuándo nació nuestra persona escondida?
2021-03-26 11:55:36 INFO  Main:55 - Esta persona nació en un país que se caracteriza por esto...
2021-03-26 11:57:36 INFO  Main:55 - Ha destacado como...
2021-03-26 11:57:44 INFO  Main:55 - Este objeto la representa
2021-03-26 11:57:45 INFO  Main:55 - Este objeto la representa
2021-03-26 11:57:55 INFO  Main:55 - Este objeto la representa
2021-03-26 11:57:59 INFO  Main:55 - Ha conseguido un reconocimiento muy importante...
2021-03-26 11:58:27 INFO  Main:55 - ¿Ya sabéis quién es?
